<?xml version="1.0" encoding="UTF-8"?>
<testng-results skipped="0" failed="0" ignored="0" total="1" passed="1">
  <reporter-output>
  </reporter-output>
  <suite name="Suite" duration-ms="212950" started-at="2020-05-29T22:09:47 IST" finished-at="2020-05-29T22:13:20 IST">
    <groups>
    </groups>
    <test name="Test" duration-ms="212950" started-at="2020-05-29T22:09:47 IST" finished-at="2020-05-29T22:13:20 IST">
      <class name="Appium.AppiumAutomation.homePageTest">
        <test-method status="PASS" signature="settingCapability()[pri:0, instance:Appium.AppiumAutomation.homePageTest@262b2c86]" name="settingCapability" duration-ms="212863" started-at="2020-05-29T22:09:47 IST" finished-at="2020-05-29T22:13:20 IST">
          <reporter-output>
          </reporter-output>
        </test-method> <!-- settingCapability -->
      </class> <!-- Appium.AppiumAutomation.homePageTest -->
    </test> <!-- Test -->
  </suite> <!-- Suite -->
</testng-results>
